[0.152s] DEBUG:colcon:Command line arguments: ['/usr/bin/colcon', 'list', '-p', '--base-paths', '/home/robotic/vlmaps_ws']
[0.152s] DEBUG:colcon:Parsed command line arguments: Namespace(log_base=None, log_level=None, verb_name='list', build_base='build', ignore_user_meta=False, metas=['./colcon.meta'], base_paths=['/home/robotic/vlmaps_ws'], packages_ignore=None, packages_ignore_regex=None, paths=None, packages_up_to=None, packages_up_to_regex=None, packages_above=None, packages_above_and_dependencies=None, packages_above_depth=None, packages_select_by_dep=None, packages_skip_by_dep=None, packages_skip_up_to=None, packages_select_build_failed=False, packages_skip_build_finished=False, packages_select_test_failures=False, packages_skip_test_passed=False, packages_select=None, packages_skip=None, packages_select_regex=None, packages_skip_regex=None, packages_start=None, packages_end=None, allow_overriding=[], topological_order=False, names_only=False, paths_only=True, topological_graph=False, topological_graph_dot=False, topological_graph_density=False, topological_graph_legend=False, topological_graph_dot_cluster=False, topological_graph_dot_include_skipped=False, mixin_files=None, mixin=None, verb_parser=<colcon_mixin.mixin.mixin_argument.MixinArgumentDecorator object at 0x7560f05664a0>, verb_extension=<colcon_package_information.verb.list.ListVerb object at 0x7560f05652d0>, main=<bound method ListVerb.main of <colcon_package_information.verb.list.ListVerb object at 0x7560f05652d0>>, mixin_verb=('list',))
[0.423s] Level 1:colcon.colcon_core.package_discovery:discover_packages(colcon_meta) check parameters
[0.424s] Level 1:colcon.colcon_core.package_discovery:discover_packages(recursive) check parameters
[0.424s] Level 1:colcon.colcon_core.package_discovery:discover_packages(ignore) check parameters
[0.424s] Level 1:colcon.colcon_core.package_discovery:discover_packages(path) check parameters
[0.424s] Level 1:colcon.colcon_core.package_discovery:discover_packages(recursive) discover
[0.424s] INFO:colcon.colcon_core.package_discovery:Crawling recursively for packages in '/home/robotic/vlmaps_ws'
[0.424s] Level 1:colcon.colcon_core.package_identification:_identify(/home/robotic/vlmaps_ws) by extensions ['ignore', 'ignore_ament_install']
[0.424s] Level 1:colcon.colcon_core.package_identification:_identify(/home/robotic/vlmaps_ws) by extension 'ignore'
[0.425s] Level 1:colcon.colcon_core.package_identification:_identify(/home/robotic/vlmaps_ws) by extension 'ignore_ament_install'
[0.425s] Level 1:colcon.colcon_core.package_identification:_identify(/home/robotic/vlmaps_ws) by extensions ['colcon_pkg']
[0.425s] Level 1:colcon.colcon_core.package_identification:_identify(/home/robotic/vlmaps_ws) by extension 'colcon_pkg'
[0.425s] Level 1:colcon.colcon_core.package_identification:_identify(/home/robotic/vlmaps_ws) by extensions ['colcon_meta']
[0.425s] Level 1:colcon.colcon_core.package_identification:_identify(/home/robotic/vlmaps_ws) by extension 'colcon_meta'
[0.425s] Level 1:colcon.colcon_core.package_identification:_identify(/home/robotic/vlmaps_ws) by extensions ['ros']
[0.425s] Level 1:colcon.colcon_core.package_identification:_identify(/home/robotic/vlmaps_ws) by extension 'ros'
[0.447s] Level 1:colcon.colcon_core.package_identification:_identify(/home/robotic/vlmaps_ws) by extensions ['cmake', 'python']
[0.447s] Level 1:colcon.colcon_core.package_identification:_identify(/home/robotic/vlmaps_ws) by extension 'cmake'
[0.447s] Level 1:colcon.colcon_core.package_identification:_identify(/home/robotic/vlmaps_ws) by extension 'python'
[0.447s] Level 1:colcon.colcon_core.package_identification:_identify(/home/robotic/vlmaps_ws) by extensions ['python_setup_py']
[0.447s] Level 1:colcon.colcon_core.package_identification:_identify(/home/robotic/vlmaps_ws) by extension 'python_setup_py'
[0.447s] Level 1:colcon.colcon_core.package_identification:_identify(/home/robotic/vlmaps_ws/dataset) by extensions ['ignore', 'ignore_ament_install']
[0.447s] Level 1:colcon.colcon_core.package_identification:_identify(/home/robotic/vlmaps_ws/dataset) by extension 'ignore'
[0.447s] Level 1:colcon.colcon_core.package_identification:_identify(/home/robotic/vlmaps_ws/dataset) by extension 'ignore_ament_install'
[0.447s] Level 1:colcon.colcon_core.package_identification:_identify(/home/robotic/vlmaps_ws/dataset) by extensions ['colcon_pkg']
[0.447s] Level 1:colcon.colcon_core.package_identification:_identify(/home/robotic/vlmaps_ws/dataset) by extension 'colcon_pkg'
[0.447s] Level 1:colcon.colcon_core.package_identification:_identify(/home/robotic/vlmaps_ws/dataset) by extensions ['colcon_meta']
[0.448s] Level 1:colcon.colcon_core.package_identification:_identify(/home/robotic/vlmaps_ws/dataset) by extension 'colcon_meta'
[0.448s] Level 1:colcon.colcon_core.package_identification:_identify(/home/robotic/vlmaps_ws/dataset) by extensions ['ros']
[0.448s] Level 1:colcon.colcon_core.package_identification:_identify(/home/robotic/vlmaps_ws/dataset) by extension 'ros'
[0.448s] Level 1:colcon.colcon_core.package_identification:_identify(/home/robotic/vlmaps_ws/dataset) by extensions ['cmake', 'python']
[0.448s] Level 1:colcon.colcon_core.package_identification:_identify(/home/robotic/vlmaps_ws/dataset) by extension 'cmake'
[0.448s] Level 1:colcon.colcon_core.package_identification:_identify(/home/robotic/vlmaps_ws/dataset) by extension 'python'
[0.448s] Level 1:colcon.colcon_core.package_identification:_identify(/home/robotic/vlmaps_ws/dataset) by extensions ['python_setup_py']
[0.448s] Level 1:colcon.colcon_core.package_identification:_identify(/home/robotic/vlmaps_ws/dataset) by extension 'python_setup_py'
[0.448s] Level 1:colcon.colcon_core.package_identification:_identify(/home/robotic/vlmaps_ws/dataset/depth) by extensions ['ignore', 'ignore_ament_install']
[0.448s] Level 1:colcon.colcon_core.package_identification:_identify(/home/robotic/vlmaps_ws/dataset/depth) by extension 'ignore'
[0.448s] Level 1:colcon.colcon_core.package_identification:_identify(/home/robotic/vlmaps_ws/dataset/depth) by extension 'ignore_ament_install'
[0.448s] Level 1:colcon.colcon_core.package_identification:_identify(/home/robotic/vlmaps_ws/dataset/depth) by extensions ['colcon_pkg']
[0.448s] Level 1:colcon.colcon_core.package_identification:_identify(/home/robotic/vlmaps_ws/dataset/depth) by extension 'colcon_pkg'
[0.448s] Level 1:colcon.colcon_core.package_identification:_identify(/home/robotic/vlmaps_ws/dataset/depth) by extensions ['colcon_meta']
[0.448s] Level 1:colcon.colcon_core.package_identification:_identify(/home/robotic/vlmaps_ws/dataset/depth) by extension 'colcon_meta'
[0.449s] Level 1:colcon.colcon_core.package_identification:_identify(/home/robotic/vlmaps_ws/dataset/depth) by extensions ['ros']
[0.449s] Level 1:colcon.colcon_core.package_identification:_identify(/home/robotic/vlmaps_ws/dataset/depth) by extension 'ros'
[0.449s] Level 1:colcon.colcon_core.package_identification:_identify(/home/robotic/vlmaps_ws/dataset/depth) by extensions ['cmake', 'python']
[0.449s] Level 1:colcon.colcon_core.package_identification:_identify(/home/robotic/vlmaps_ws/dataset/depth) by extension 'cmake'
[0.449s] Level 1:colcon.colcon_core.package_identification:_identify(/home/robotic/vlmaps_ws/dataset/depth) by extension 'python'
[0.449s] Level 1:colcon.colcon_core.package_identification:_identify(/home/robotic/vlmaps_ws/dataset/depth) by extensions ['python_setup_py']
[0.449s] Level 1:colcon.colcon_core.package_identification:_identify(/home/robotic/vlmaps_ws/dataset/depth) by extension 'python_setup_py'
[0.449s] Level 1:colcon.colcon_core.package_identification:_identify(/home/robotic/vlmaps_ws/dataset/pose) by extensions ['ignore', 'ignore_ament_install']
[0.449s] Level 1:colcon.colcon_core.package_identification:_identify(/home/robotic/vlmaps_ws/dataset/pose) by extension 'ignore'
[0.449s] Level 1:colcon.colcon_core.package_identification:_identify(/home/robotic/vlmaps_ws/dataset/pose) by extension 'ignore_ament_install'
[0.449s] Level 1:colcon.colcon_core.package_identification:_identify(/home/robotic/vlmaps_ws/dataset/pose) by extensions ['colcon_pkg']
[0.449s] Level 1:colcon.colcon_core.package_identification:_identify(/home/robotic/vlmaps_ws/dataset/pose) by extension 'colcon_pkg'
[0.449s] Level 1:colcon.colcon_core.package_identification:_identify(/home/robotic/vlmaps_ws/dataset/pose) by extensions ['colcon_meta']
[0.449s] Level 1:colcon.colcon_core.package_identification:_identify(/home/robotic/vlmaps_ws/dataset/pose) by extension 'colcon_meta'
[0.449s] Level 1:colcon.colcon_core.package_identification:_identify(/home/robotic/vlmaps_ws/dataset/pose) by extensions ['ros']
[0.449s] Level 1:colcon.colcon_core.package_identification:_identify(/home/robotic/vlmaps_ws/dataset/pose) by extension 'ros'
[0.449s] Level 1:colcon.colcon_core.package_identification:_identify(/home/robotic/vlmaps_ws/dataset/pose) by extensions ['cmake', 'python']
[0.449s] Level 1:colcon.colcon_core.package_identification:_identify(/home/robotic/vlmaps_ws/dataset/pose) by extension 'cmake'
[0.449s] Level 1:colcon.colcon_core.package_identification:_identify(/home/robotic/vlmaps_ws/dataset/pose) by extension 'python'
[0.450s] Level 1:colcon.colcon_core.package_identification:_identify(/home/robotic/vlmaps_ws/dataset/pose) by extensions ['python_setup_py']
[0.450s] Level 1:colcon.colcon_core.package_identification:_identify(/home/robotic/vlmaps_ws/dataset/pose) by extension 'python_setup_py'
[0.450s] Level 1:colcon.colcon_core.package_identification:_identify(/home/robotic/vlmaps_ws/dataset/rgb) by extensions ['ignore', 'ignore_ament_install']
[0.450s] Level 1:colcon.colcon_core.package_identification:_identify(/home/robotic/vlmaps_ws/dataset/rgb) by extension 'ignore'
[0.450s] Level 1:colcon.colcon_core.package_identification:_identify(/home/robotic/vlmaps_ws/dataset/rgb) by extension 'ignore_ament_install'
[0.450s] Level 1:colcon.colcon_core.package_identification:_identify(/home/robotic/vlmaps_ws/dataset/rgb) by extensions ['colcon_pkg']
[0.450s] Level 1:colcon.colcon_core.package_identification:_identify(/home/robotic/vlmaps_ws/dataset/rgb) by extension 'colcon_pkg'
[0.450s] Level 1:colcon.colcon_core.package_identification:_identify(/home/robotic/vlmaps_ws/dataset/rgb) by extensions ['colcon_meta']
[0.450s] Level 1:colcon.colcon_core.package_identification:_identify(/home/robotic/vlmaps_ws/dataset/rgb) by extension 'colcon_meta'
[0.450s] Level 1:colcon.colcon_core.package_identification:_identify(/home/robotic/vlmaps_ws/dataset/rgb) by extensions ['ros']
[0.450s] Level 1:colcon.colcon_core.package_identification:_identify(/home/robotic/vlmaps_ws/dataset/rgb) by extension 'ros'
[0.450s] Level 1:colcon.colcon_core.package_identification:_identify(/home/robotic/vlmaps_ws/dataset/rgb) by extensions ['cmake', 'python']
[0.450s] Level 1:colcon.colcon_core.package_identification:_identify(/home/robotic/vlmaps_ws/dataset/rgb) by extension 'cmake'
[0.450s] Level 1:colcon.colcon_core.package_identification:_identify(/home/robotic/vlmaps_ws/dataset/rgb) by extension 'python'
[0.450s] Level 1:colcon.colcon_core.package_identification:_identify(/home/robotic/vlmaps_ws/dataset/rgb) by extensions ['python_setup_py']
[0.450s] Level 1:colcon.colcon_core.package_identification:_identify(/home/robotic/vlmaps_ws/dataset/rgb) by extension 'python_setup_py'
[0.450s] Level 1:colcon.colcon_core.package_identification:_identify(/home/robotic/vlmaps_ws/log) by extensions ['ignore', 'ignore_ament_install']
[0.451s] Level 1:colcon.colcon_core.package_identification:_identify(/home/robotic/vlmaps_ws/log) by extension 'ignore'
[0.451s] Level 1:colcon.colcon_core.package_identification:_identify(/home/robotic/vlmaps_ws/log) ignored
[0.451s] Level 1:colcon.colcon_core.package_identification:_identify(/home/robotic/vlmaps_ws/src) by extensions ['ignore', 'ignore_ament_install']
[0.451s] Level 1:colcon.colcon_core.package_identification:_identify(/home/robotic/vlmaps_ws/src) by extension 'ignore'
[0.451s] Level 1:colcon.colcon_core.package_identification:_identify(/home/robotic/vlmaps_ws/src) by extension 'ignore_ament_install'
[0.451s] Level 1:colcon.colcon_core.package_identification:_identify(/home/robotic/vlmaps_ws/src) by extensions ['colcon_pkg']
[0.451s] Level 1:colcon.colcon_core.package_identification:_identify(/home/robotic/vlmaps_ws/src) by extension 'colcon_pkg'
[0.451s] Level 1:colcon.colcon_core.package_identification:_identify(/home/robotic/vlmaps_ws/src) by extensions ['colcon_meta']
[0.451s] Level 1:colcon.colcon_core.package_identification:_identify(/home/robotic/vlmaps_ws/src) by extension 'colcon_meta'
[0.451s] Level 1:colcon.colcon_core.package_identification:_identify(/home/robotic/vlmaps_ws/src) by extensions ['ros']
[0.451s] Level 1:colcon.colcon_core.package_identification:_identify(/home/robotic/vlmaps_ws/src) by extension 'ros'
[0.451s] Level 1:colcon.colcon_core.package_identification:_identify(/home/robotic/vlmaps_ws/src) by extensions ['cmake', 'python']
[0.451s] Level 1:colcon.colcon_core.package_identification:_identify(/home/robotic/vlmaps_ws/src) by extension 'cmake'
[0.451s] Level 1:colcon.colcon_core.package_identification:_identify(/home/robotic/vlmaps_ws/src) by extension 'python'
[0.451s] Level 1:colcon.colcon_core.package_identification:_identify(/home/robotic/vlmaps_ws/src) by extensions ['python_setup_py']
[0.451s] Level 1:colcon.colcon_core.package_identification:_identify(/home/robotic/vlmaps_ws/src) by extension 'python_setup_py'
[0.451s] Level 1:colcon.colcon_core.package_identification:_identify(/home/robotic/vlmaps_ws/src/tracer_ros2) by extensions ['ignore', 'ignore_ament_install']
[0.452s] Level 1:colcon.colcon_core.package_identification:_identify(/home/robotic/vlmaps_ws/src/tracer_ros2) by extension 'ignore'
[0.452s] Level 1:colcon.colcon_core.package_identification:_identify(/home/robotic/vlmaps_ws/src/tracer_ros2) by extension 'ignore_ament_install'
[0.452s] Level 1:colcon.colcon_core.package_identification:_identify(/home/robotic/vlmaps_ws/src/tracer_ros2) by extensions ['colcon_pkg']
[0.452s] Level 1:colcon.colcon_core.package_identification:_identify(/home/robotic/vlmaps_ws/src/tracer_ros2) by extension 'colcon_pkg'
[0.452s] Level 1:colcon.colcon_core.package_identification:_identify(/home/robotic/vlmaps_ws/src/tracer_ros2) by extensions ['colcon_meta']
[0.452s] Level 1:colcon.colcon_core.package_identification:_identify(/home/robotic/vlmaps_ws/src/tracer_ros2) by extension 'colcon_meta'
[0.452s] Level 1:colcon.colcon_core.package_identification:_identify(/home/robotic/vlmaps_ws/src/tracer_ros2) by extensions ['ros']
[0.452s] Level 1:colcon.colcon_core.package_identification:_identify(/home/robotic/vlmaps_ws/src/tracer_ros2) by extension 'ros'
[0.457s] DEBUG:colcon.colcon_core.package_identification:Package '/home/robotic/vlmaps_ws/src/tracer_ros2' with type 'ros.ament_python' and name 'tracer_ros2'
[0.457s] Level 1:colcon.colcon_core.package_identification:_identify(/home/robotic/vlmaps_ws/src/vlmaps_ros) by extensions ['ignore', 'ignore_ament_install']
[0.457s] Level 1:colcon.colcon_core.package_identification:_identify(/home/robotic/vlmaps_ws/src/vlmaps_ros) by extension 'ignore'
[0.457s] Level 1:colcon.colcon_core.package_identification:_identify(/home/robotic/vlmaps_ws/src/vlmaps_ros) by extension 'ignore_ament_install'
[0.458s] Level 1:colcon.colcon_core.package_identification:_identify(/home/robotic/vlmaps_ws/src/vlmaps_ros) by extensions ['colcon_pkg']
[0.458s] Level 1:colcon.colcon_core.package_identification:_identify(/home/robotic/vlmaps_ws/src/vlmaps_ros) by extension 'colcon_pkg'
[0.458s] Level 1:colcon.colcon_core.package_identification:_identify(/home/robotic/vlmaps_ws/src/vlmaps_ros) by extensions ['colcon_meta']
[0.458s] Level 1:colcon.colcon_core.package_identification:_identify(/home/robotic/vlmaps_ws/src/vlmaps_ros) by extension 'colcon_meta'
[0.458s] Level 1:colcon.colcon_core.package_identification:_identify(/home/robotic/vlmaps_ws/src/vlmaps_ros) by extensions ['ros']
[0.458s] Level 1:colcon.colcon_core.package_identification:_identify(/home/robotic/vlmaps_ws/src/vlmaps_ros) by extension 'ros'
[0.459s] DEBUG:colcon.colcon_core.package_identification:Package '/home/robotic/vlmaps_ws/src/vlmaps_ros' with type 'ros.ament_python' and name 'vlmaps_ros'
[0.459s] Level 1:colcon.colcon_core.package_discovery:discover_packages(recursive) using defaults
